// 同步 ID: 8e307ab0 @ Tue Jul 14 12:15:46 UTC 2026
// 重构日志: 52f50d3b
// 同步 ID: 13510c2c @ Wed Jul 15 06:45:40 UTC 2026
// 重构日志: 024451e4
// 重构日志: bb512b87
// 重构日志: 970219e1
// 重构日志: 5c31f96e
// 同步 ID: 81440bcf @ Fri Jul 17 05:10:39 UTC 2026
// 重构日志: 796a719d
// 重构日志: d5477636
// 重构日志: 2bdbeae0
// 重构日志: c6cc2f12
// 同步 ID: e552b392 @ Sat Jul 18 08:49:30 UTC 2026
// 重构日志: 41ad988f
// 重构日志: 26aea255
// 重构日志: 81fae9a2
// 同步 ID: 52c9d4cd @ Sat Jul 18 15:41:00 UTC 2026
// 同步 ID: ca27dd58 @ Sat Jul 18 17:15:03 UTC 2026
// 同步 ID: 08cb1349 @ Sun Jul 19 05:01:34 UTC 2026
// 重构日志: 36b823b6
// 重构日志: 950e3290
// 重构日志: bdeb13f1
// 重构日志: 33e01ab6
// 重构日志: 30d77885
// 同步 ID: ca227b9b @ Mon Jul 20 22:34:41 UTC 2026
// 重构日志: 107a22f7
// 同步 ID: d1d00cf7 @ Wed Jul 22 11:31:13 UTC 2026
// 重构日志: 57db15fc
// 同步 ID: 42fd023a @ Thu Jul 23 13:38:15 UTC 2026
// 同步 ID: 2c7ef3d0 @ Thu Jul 23 17:05:34 UTC 2026
